s:\pipeline\visual_studio\packages\abcexport\2018\x64\release\abcexport.lib
s:\pipeline\visual_studio\packages\abcexport\2018\x64\release\abcexport.exp
s:\pipeline\visual_studio\packages\abcexport\2018\x64\release\abcexport.pdb
s:\pipeline\visual_studio\packages\abcexport\2018\x64\release\mayanurbssurfacewriter.obj
s:\pipeline\visual_studio\packages\abcexport\2018\x64\release\mayalocatorwriter.obj
s:\pipeline\visual_studio\packages\abcexport\2018\x64\release\mayanurbscurvewriter.obj
s:\pipeline\visual_studio\packages\abcexport\2018\x64\release\mayacamerawriter.obj
s:\pipeline\visual_studio\packages\abcexport\2018\x64\release\mayautility.obj
s:\pipeline\visual_studio\packages\abcexport\2018\x64\release\mayatransformwriter.obj
s:\pipeline\visual_studio\packages\abcexport\2018\x64\release\mayapointprimitivewriter.obj
s:\pipeline\visual_studio\packages\abcexport\2018\x64\release\mayameshwriter.obj
s:\pipeline\visual_studio\packages\abcexport\2018\x64\release\attributeswriter.obj
s:\pipeline\visual_studio\packages\abcexport\2018\x64\release\abcwritejob.obj
s:\pipeline\visual_studio\packages\abcexport\2018\x64\release\abcexport.obj
s:\pipeline\visual_studio\packages\abcexport\2018\x64\release\abcexport.mll
s:\pipeline\visual_studio\packages\abcexport\2018\x64\release\abcexport.tlog\abcexport.write.1u.tlog
s:\pipeline\visual_studio\packages\abcexport\2018\x64\release\abcexport.tlog\cl.command.1.tlog
s:\pipeline\visual_studio\packages\abcexport\2018\x64\release\abcexport.tlog\cl.read.1.tlog
s:\pipeline\visual_studio\packages\abcexport\2018\x64\release\abcexport.tlog\cl.write.1.tlog
s:\pipeline\visual_studio\packages\abcexport\2018\x64\release\abcexport.tlog\link.command.1.tlog
s:\pipeline\visual_studio\packages\abcexport\2018\x64\release\abcexport.tlog\link.read.1.tlog
s:\pipeline\visual_studio\packages\abcexport\2018\x64\release\abcexport.tlog\link.write.1.tlog
