s:\pipeline\visual_studio\packages\abcexport\2018\x64\release\qabcexport.pdb
s:\pipeline\visual_studio\packages\abcexport\2018\x64\release\mayanurbssurfacewriter.obj
s:\pipeline\visual_studio\packages\abcexport\2018\x64\release\mayalocatorwriter.obj
s:\pipeline\visual_studio\packages\abcexport\2018\x64\release\mayanurbscurvewriter.obj
s:\pipeline\visual_studio\packages\abcexport\2018\x64\release\mayacamerawriter.obj
s:\pipeline\visual_studio\packages\abcexport\2018\x64\release\mayautility.obj
s:\pipeline\visual_studio\packages\abcexport\2018\x64\release\mayatransformwriter.obj
s:\pipeline\visual_studio\packages\abcexport\2018\x64\release\mayapointprimitivewriter.obj
s:\pipeline\visual_studio\packages\abcexport\2018\x64\release\mayameshwriter.obj
s:\pipeline\visual_studio\packages\abcexport\2018\x64\release\attributeswriter.obj
s:\pipeline\visual_studio\packages\abcexport\2018\x64\release\abcwritejob.obj
s:\pipeline\visual_studio\packages\abcexport\2018\x64\release\abcexport.obj
s:\pipeline\visual_studio\deploy\maya\plugins_2018\qabcexport.mll
s:\pipeline\visual_studio\packages\abcexport\2018\x64\release\qabcexport.lib
s:\pipeline\visual_studio\packages\abcexport\2018\x64\release\qabcexport.exp
s:\pipeline\visual_studio\packages\abcexport\2018\x64\release\qabcexport.tlog\cl.command.1.tlog
s:\pipeline\visual_studio\packages\abcexport\2018\x64\release\qabcexport.tlog\cl.read.1.tlog
s:\pipeline\visual_studio\packages\abcexport\2018\x64\release\qabcexport.tlog\cl.write.1.tlog
s:\pipeline\visual_studio\packages\abcexport\2018\x64\release\qabcexport.tlog\link.command.1.tlog
s:\pipeline\visual_studio\packages\abcexport\2018\x64\release\qabcexport.tlog\link.read.1.tlog
s:\pipeline\visual_studio\packages\abcexport\2018\x64\release\qabcexport.tlog\link.write.1.tlog
s:\pipeline\visual_studio\packages\abcexport\2018\x64\release\qabcexport.tlog\qabcexport.write.1u.tlog
