S:\PIPELINE\VISUAL_STUDIO\PACKAGES\ABCEXPORT\2016\X64\RELEASE\MAYATRANSFORMWRITER.OBJ
S:\PIPELINE\VISUAL_STUDIO\PACKAGES\ABCEXPORT\2016\X64\RELEASE\MAYAPOINTPRIMITIVEWRITER.OBJ
S:\PIPELINE\VISUAL_STUDIO\PACKAGES\ABCEXPORT\2016\X64\RELEASE\MAYAMESHWRITER.OBJ
S:\PIPELINE\VISUAL_STUDIO\PACKAGES\ABCEXPORT\2016\X64\RELEASE\ABCWRITEJOB.OBJ
S:\PIPELINE\VISUAL_STUDIO\PACKAGES\ABCEXPORT\2016\X64\RELEASE\ABCEXPORT.OBJ
S:\PIPELINE\VISUAL_STUDIO\PACKAGES\ABCEXPORT\2016\X64\RELEASE\MAYAUTILITY.OBJ
S:\PIPELINE\VISUAL_STUDIO\PACKAGES\ABCEXPORT\2016\X64\RELEASE\MAYACAMERAWRITER.OBJ
S:\PIPELINE\VISUAL_STUDIO\PACKAGES\ABCEXPORT\2016\X64\RELEASE\MAYANURBSCURVEWRITER.OBJ
S:\PIPELINE\VISUAL_STUDIO\PACKAGES\ABCEXPORT\2016\X64\RELEASE\MAYALOCATORWRITER.OBJ
S:\PIPELINE\VISUAL_STUDIO\PACKAGES\ABCEXPORT\2016\X64\RELEASE\MAYANURBSSURFACEWRITER.OBJ
S:\pipeline\visual_studio\packages\AbcExport\2016\x64\Release\AbcExport.obj
S:\pipeline\visual_studio\packages\AbcExport\2016\x64\Release\AbcWriteJob.obj
S:\pipeline\visual_studio\packages\AbcExport\2016\x64\Release\MayaCameraWriter.obj
S:\pipeline\visual_studio\packages\AbcExport\2016\x64\Release\MayaLocatorWriter.obj
S:\pipeline\visual_studio\packages\AbcExport\2016\x64\Release\MayaMeshWriter.obj
S:\pipeline\visual_studio\packages\AbcExport\2016\x64\Release\MayaNurbsCurveWriter.obj
S:\pipeline\visual_studio\packages\AbcExport\2016\x64\Release\MayaNurbsSurfaceWriter.obj
S:\pipeline\visual_studio\packages\AbcExport\2016\x64\Release\MayaPointPrimitiveWriter.obj
S:\pipeline\visual_studio\packages\AbcExport\2016\x64\Release\MayaTransformWriter.obj
S:\pipeline\visual_studio\packages\AbcExport\2016\x64\Release\MayaUtility.obj
S:\pipeline\visual_studio\packages\AbcExport\2016\x64\Release\cl.command.1.tlog
S:\pipeline\visual_studio\packages\AbcExport\2016\x64\Release\CL.read.1.tlog
S:\pipeline\visual_studio\packages\AbcExport\2016\x64\Release\CL.write.1.tlog
S:\pipeline\visual_studio\packages\AbcExport\2016\x64\Release\qabcexport.pdb
