C:\Program Files\Autodesk\Maya2014\devkit\plug-ins\AbcExport\x64\Release\AbcExport.exp
C:\Program Files\Autodesk\Maya2014\devkit\plug-ins\AbcExport\x64\Release\AbcExport.lib
C:\PROGRAM FILES\AUTODESK\MAYA2014\DEVKIT\PLUG-INS\ABCEXPORT\X64\RELEASE\ABCEXPORT.MLL
C:\PROGRAM FILES\AUTODESK\MAYA2014\DEVKIT\PLUG-INS\ABCEXPORT\X64\RELEASE\ABCEXPORT.MLL.INTERMEDIATE.MANIFEST
C:\PROGRAM FILES\AUTODESK\MAYA2014\DEVKIT\PLUG-INS\ABCEXPORT\X64\RELEASE\ABCEXPORT.OBJ
C:\PROGRAM FILES\AUTODESK\MAYA2014\DEVKIT\PLUG-INS\ABCEXPORT\X64\RELEASE\ABCEXPORT.PDB
C:\Program Files\Autodesk\Maya2014\devkit\plug-ins\AbcExport\x64\Release\AbcExport.write.1.tlog
C:\PROGRAM FILES\AUTODESK\MAYA2014\DEVKIT\PLUG-INS\ABCEXPORT\X64\RELEASE\ABCWRITEJOB.OBJ
C:\PROGRAM FILES\AUTODESK\MAYA2014\DEVKIT\PLUG-INS\ABCEXPORT\X64\RELEASE\ATTRIBUTESWRITER.OBJ
C:\Program Files\Autodesk\Maya2014\devkit\plug-ins\AbcExport\x64\Release\cl.command.1.tlog
C:\Program Files\Autodesk\Maya2014\devkit\plug-ins\AbcExport\x64\Release\CL.read.1.tlog
C:\Program Files\Autodesk\Maya2014\devkit\plug-ins\AbcExport\x64\Release\CL.write.1.tlog
C:\Program Files\Autodesk\Maya2014\devkit\plug-ins\AbcExport\x64\Release\link.command.1.tlog
C:\Program Files\Autodesk\Maya2014\devkit\plug-ins\AbcExport\x64\Release\link.read.1.tlog
C:\Program Files\Autodesk\Maya2014\devkit\plug-ins\AbcExport\x64\Release\link.write.1.tlog
C:\PROGRAM FILES\AUTODESK\MAYA2014\DEVKIT\PLUG-INS\ABCEXPORT\X64\RELEASE\MAYACAMERAWRITER.OBJ
C:\PROGRAM FILES\AUTODESK\MAYA2014\DEVKIT\PLUG-INS\ABCEXPORT\X64\RELEASE\MAYALOCATORWRITER.OBJ
C:\PROGRAM FILES\AUTODESK\MAYA2014\DEVKIT\PLUG-INS\ABCEXPORT\X64\RELEASE\MAYAMESHWRITER.OBJ
C:\PROGRAM FILES\AUTODESK\MAYA2014\DEVKIT\PLUG-INS\ABCEXPORT\X64\RELEASE\MAYANURBSCURVEWRITER.OBJ
C:\PROGRAM FILES\AUTODESK\MAYA2014\DEVKIT\PLUG-INS\ABCEXPORT\X64\RELEASE\MAYANURBSSURFACEWRITER.OBJ
C:\PROGRAM FILES\AUTODESK\MAYA2014\DEVKIT\PLUG-INS\ABCEXPORT\X64\RELEASE\MAYAPOINTPRIMITIVEWRITER.OBJ
C:\PROGRAM FILES\AUTODESK\MAYA2014\DEVKIT\PLUG-INS\ABCEXPORT\X64\RELEASE\MAYATRANSFORMWRITER.OBJ
C:\PROGRAM FILES\AUTODESK\MAYA2014\DEVKIT\PLUG-INS\ABCEXPORT\X64\RELEASE\MAYAUTILITY.OBJ
C:\Program Files\Autodesk\Maya2014\devkit\plug-ins\AbcExport\x64\Release\mt.command.1.tlog
C:\Program Files\Autodesk\Maya2014\devkit\plug-ins\AbcExport\x64\Release\mt.read.1.tlog
C:\Program Files\Autodesk\Maya2014\devkit\plug-ins\AbcExport\x64\Release\mt.write.1.tlog
x64\Release\AbcExport.pdb
